<?xml version="1.0" encoding="UTF-8"?>
<testsuite xmlns:xsi="http://www.w3.org/2001/XMLSchema-instance" xsi:noNamespaceSchemaLocation="https://maven.apache.org/surefire/maven-surefire-plugin/xsd/surefire-test-report-3.0.xsd" version="3.0" name="com.carddemo.data.AsciiDataLoaderIntegrationTest" time="5.919" tests="1" errors="0" skipped="0" failures="0">
  <properties>
[...]
</properties>
  <testcase name="loadsAsciiSamplesAndJoinsCardAccountCustomer" classname="com.carddemo.data.AsciiDataLoaderIntegrationTest" time="0.945">
    <system-out><![CDATA[15:05:38.651 [main] INFO org.springframework.test.context.support.AnnotationConfigContextLoaderUtils -- Could not detect default configuration classes for test class [com.carddemo.data.AsciiDataLoaderIntegrationTest]: AsciiDataLoaderIntegrationTest does not declare any static, non-private, non-final, nested classes annotated with @Configuration.
15:05:38.751 [main] INFO org.springframework.boot.test.context.SpringBootTestContextBootstrapper -- Found @SpringBootConfiguration com.carddemo.data.CarddemoDataApplication for test class com.carddemo.data.AsciiDataLoaderIntegrationTest

  .   ____          _            __ _ _
 /\\ / ___'_ __ _ _(_)_ __  __ _ \ \ \ \
( ( )\___ | '_ | '_| | '_ \/ _` | \ \ \ \
 \\/  ___)| |_)| | | | | || (_| |  ) ) ) )
  '  |____| .__|_| |_|_| |_\__, | / / / /
 =========|_|==============|___/=/_/_/_/

 :: Spring Boot ::                (v3.3.5)

2026-08-05T15:05:39.085Z  INFO 6604 --- [           main] c.c.data.AsciiDataLoaderIntegrationTest  : Starting AsciiDataLoaderIntegrationTest using Java 17.0.19 with PID 6604 (started by ubuntu in /home/ubuntu/repos/ts-cobol-carddemo/java/carddemo-data)
2026-08-05T15:05:39.088Z  INFO 6604 --- [           main] c.c.data.AsciiDataLoaderIntegrationTest  : No active profile set, falling back to 1 default profile: "default"
2026-08-05T15:05:39.456Z  INFO 6604 --- [           main] .s.d.r.c.RepositoryConfigurationDelegate : Bootstrapping Spring Data JPA repositories in DEFAULT mode.
2026-08-05T15:05:39.534Z  INFO 6604 --- [           main] .s.d.r.c.RepositoryConfigurationDelegate : Finished Spring Data repository scanning in 69 ms. Found 9 JPA repository interfaces.
2026-08-05T15:05:40.126Z  INFO 6604 --- [           main] com.zaxxer.hikari.HikariDataSource       : HikariPool-1 - Starting...
2026-08-05T15:05:40.289Z  INFO 6604 --- [           main] com.zaxxer.hikari.pool.HikariPool        : HikariPool-1 - Added connection conn0: url=jdbc:h2:mem:carddemo user=SA
2026-08-05T15:05:40.291Z  INFO 6604 --- [           main] com.zaxxer.hikari.HikariDataSource       : HikariPool-1 - Start completed.
2026-08-05T15:05:40.339Z  INFO 6604 --- [           main] org.flywaydb.core.FlywayExecutor         : Database: jdbc:h2:mem:carddemo (H2 2.2)
2026-08-05T15:05:40.354Z  WARN 6604 --- [           main] o.f.c.internal.database.base.Database    : Flyway upgrade recommended: H2 2.2.224 is newer than this version of Flyway and support has not been tested. The latest supported version of H2 is 2.2.220.
2026-08-05T15:05:40.377Z  INFO 6604 --- [           main] o.f.c.i.s.JdbcTableSchemaHistory         : Schema history table "PUBLIC"."flyway_schema_history" does not exist yet
2026-08-05T15:05:40.380Z  INFO 6604 --- [           main] o.f.core.internal.command.DbValidate     : Successfully validated 1 migration (execution time 00:00.012s)
2026-08-05T15:05:40.389Z  INFO 6604 --- [           main] o.f.c.i.s.JdbcTableSchemaHistory         : Creating Schema History table "PUBLIC"."flyway_schema_history" ...
2026-08-05T15:05:40.438Z  INFO 6604 --- [           main] o.f.core.internal.command.DbMigrate      : Current version of schema "PUBLIC": << Empty Schema >>
2026-08-05T15:05:40.450Z  INFO 6604 --- [           main] o.f.core.internal.command.DbMigrate      : Migrating schema "PUBLIC" to version "1 - create schema"
2026-08-05T15:05:40.491Z  INFO 6604 --- [           main] o.f.core.internal.command.DbMigrate      : Successfully applied 1 migration to schema "PUBLIC", now at version v1 (execution time 00:00.025s)
2026-08-05T15:05:40.559Z  INFO 6604 --- [           main] o.hibernate.jpa.internal.util.LogHelper  : HHH000204: Processing PersistenceUnitInfo [name: default]
2026-08-05T15:05:40.603Z  INFO 6604 --- [           main] org.hibernate.Version                    : HHH000412: Hibernate ORM core version 6.5.3.Final
2026-08-05T15:05:40.642Z  INFO 6604 --- [           main] o.h.c.internal.RegionFactoryInitiator    : HHH000026: Second-level cache disabled
2026-08-05T15:05:40.893Z  INFO 6604 --- [           main] o.s.o.j.p.SpringPersistenceUnitInfo      : No LoadTimeWeaver setup: ignoring JPA class transformer
2026-08-05T15:05:41.841Z  INFO 6604 --- [           main] o.h.e.t.j.p.i.JtaPlatformInitiator       : HHH000489: No JTA platform available (set 'hibernate.transaction.jta.platform' to enable JTA platform integration)
2026-08-05T15:05:41.844Z  INFO 6604 --- [           main] j.LocalContainerEntityManagerFactoryBean : Initialized JPA EntityManagerFactory for persistence unit 'default'
2026-08-05T15:05:42.369Z  INFO 6604 --- [           main] c.c.data.AsciiDataLoaderIntegrationTest  : Started AsciiDataLoaderIntegrationTest in 3.498 seconds (process running for 4.392)
]]></system-out>
  </testcase>
</testsuite>